\BOOKMARK [1][-]{section.1}{What is SSR-viz ?}{}% 1
\BOOKMARK [1][-]{section.2}{Installation}{}% 2
\BOOKMARK [2][-]{subsection.2.1}{Standalone executables}{section.2}% 3
\BOOKMARK [2][-]{subsection.2.2}{Using Pip}{section.2}% 4
\BOOKMARK [2][-]{subsection.2.3}{Clone from GitHub}{section.2}% 5
\BOOKMARK [2][-]{subsection.2.4}{Mafft}{section.2}% 6
\BOOKMARK [1][-]{section.3}{Getting started}{}% 7
\BOOKMARK [1][-]{section.4}{Algorithm}{}% 8
\BOOKMARK [1][-]{section.5}{CSV builder}{}% 9
\BOOKMARK [2][-]{subsection.5.1}{Arguments}{section.5}% 10
\BOOKMARK [1][-]{section.6}{SSR plot}{}% 11
\BOOKMARK [2][-]{subsection.6.1}{Arguments}{section.6}% 12
\BOOKMARK [1][-]{section.7}{SSR draw}{}% 13
\BOOKMARK [2][-]{subsection.7.1}{Arguments}{section.7}% 14
\BOOKMARK [3][-]{subsubsection.7.1.1}{File}{subsection.7.1}% 15
\BOOKMARK [3][-]{subsubsection.7.1.2}{Algorithm}{subsection.7.1}% 16
\BOOKMARK [3][-]{subsubsection.7.1.3}{Figure}{subsection.7.1}% 17
\BOOKMARK [3][-]{subsubsection.7.1.4}{Additional output}{subsection.7.1}% 18
\BOOKMARK [3][-]{subsubsection.7.1.5}{Plot Options}{subsection.7.1}% 19
\BOOKMARK [3][-]{subsubsection.7.1.6}{One-vs-One plot}{subsection.7.1}% 20
\BOOKMARK [3][-]{subsubsection.7.1.7}{One-vs-All plot}{subsection.7.1}% 21
\BOOKMARK [3][-]{subsubsection.7.1.8}{Heatmap Options}{subsection.7.1}% 22
\BOOKMARK [3][-]{subsubsection.7.1.9}{One-vs-One Heatmap}{subsection.7.1}% 23
\BOOKMARK [3][-]{subsubsection.7.1.10}{One-vs-all Heatmap}{subsection.7.1}% 24
\BOOKMARK [1][-]{section.8}{Add pdb}{}% 25
\BOOKMARK [2][-]{subsection.8.1}{Arguments}{section.8}% 26
\BOOKMARK [1][-]{section.9}{Example}{}% 27
\BOOKMARK [1][-]{section.10}{Appendix}{}% 28
\BOOKMARK [2][-]{subsection.10.1}{Regex examples}{section.10}% 29
